[1.527s] DEBUG:colcon:Command line arguments: ['/usr/bin/colcon', 'build']
[1.528s] DEBUG:colcon:Parsed command line arguments: Namespace(allow_overriding=[], ament_cmake_args=None, base_paths=['.'], build_base='build', catkin_cmake_args=None, catkin_skip_building_tests=False, cmake_args=None, cmake_clean_cache=False, cmake_clean_first=False, cmake_force_configure=False, cmake_target=None, cmake_target_skip_unavailable=False, continue_on_error=False, event_handlers=None, executor='parallel', ignore_user_meta=False, install_base='install', log_base=None, log_level=None, main=<bound method BuildVerb.main of <colcon_core.verb.build.BuildVerb object at 0x7fe9f9d37250>>, merge_install=False, metas=['./colcon.meta'], packages_above=None, packages_above_and_dependencies=None, packages_above_depth=None, packages_end=None, packages_ignore=None, packages_ignore_regex=None, packages_select=None, packages_select_build_failed=False, packages_select_by_dep=None, packages_select_regex=None, packages_select_test_failures=False, packages_skip=None, packages_skip_build_finished=False, packages_skip_by_dep=None, packages_skip_regex=None, packages_skip_test_passed=False, packages_skip_up_to=None, packages_start=None, packages_up_to=None, packages_up_to_regex=None, parallel_workers=8, paths=None, symlink_install=False, test_result_base=None, verb_extension=<colcon_core.verb.build.BuildVerb object at 0x7fe9f9d37250>, verb_name='build', verb_parser=<colcon_defaults.argument_parser.defaults.DefaultArgumentsDecorator object at 0x7fe9f9cd5340>)
[2.065s] Level 1:colcon.colcon_core.package_discovery:discover_packages(colcon_meta) check parameters
[2.065s] Level 1:colcon.colcon_core.package_discovery:discover_packages(recursive) check parameters
[2.065s] Level 1:colcon.colcon_core.package_discovery:discover_packages(ignore) check parameters
[2.065s] Level 1:colcon.colcon_core.package_discovery:discover_packages(path) check parameters
[2.065s] Level 1:colcon.colcon_core.package_discovery:discover_packages(colcon_meta) discover
[2.065s] Level 1:colcon.colcon_core.package_discovery:discover_packages(recursive) discover
[2.065s] INFO:colcon.colcon_core.package_discovery:Crawling recursively for packages in '/home/sonia/Depth-Anything/ros'
[2.065s] Level 1:colcon.colcon_core.package_identification:_identify(.) by extensions ['ignore', 'ignore_ament_install']
[2.066s] Level 1:colcon.colcon_core.package_identification:_identify(.) by extension 'ignore'
[2.066s] Level 1:colcon.colcon_core.package_identification:_identify(.) by extension 'ignore_ament_install'
[2.066s] Level 1:colcon.colcon_core.package_identification:_identify(.) by extensions ['colcon_pkg']
[2.066s] Level 1:colcon.colcon_core.package_identification:_identify(.) by extension 'colcon_pkg'
[2.066s] Level 1:colcon.colcon_core.package_identification:_identify(.) by extensions ['colcon_meta']
[2.066s] Level 1:colcon.colcon_core.package_identification:_identify(.) by extension 'colcon_meta'
[2.066s] Level 1:colcon.colcon_core.package_identification:_identify(.) by extensions ['ros']
[2.066s] Level 1:colcon.colcon_core.package_identification:_identify(.) by extension 'ros'
[2.087s] Level 1:colcon.colcon_core.package_identification:_identify(.) by extensions ['cmake', 'python']
[2.087s] Level 1:colcon.colcon_core.package_identification:_identify(.) by extension 'cmake'
[2.087s] Level 1:colcon.colcon_core.package_identification:_identify(.) by extension 'python'
[2.087s] Level 1:colcon.colcon_core.package_identification:_identify(.) by extensions ['python_setup_py']
[2.087s] Level 1:colcon.colcon_core.package_identification:_identify(.) by extension 'python_setup_py'
[2.087s] Level 1:colcon.colcon_core.package_identification:_identify(build) by extensions ['ignore', 'ignore_ament_install']
[2.088s] Level 1:colcon.colcon_core.package_identification:_identify(build) by extension 'ignore'
[2.088s] Level 1:colcon.colcon_core.package_identification:_identify(build) ignored
[2.088s] Level 1:colcon.colcon_core.package_identification:_identify(depth_anything_wrapper) by extensions ['ignore', 'ignore_ament_install']
[2.088s] Level 1:colcon.colcon_core.package_identification:_identify(depth_anything_wrapper) by extension 'ignore'
[2.088s] Level 1:colcon.colcon_core.package_identification:_identify(depth_anything_wrapper) by extension 'ignore_ament_install'
[2.088s] Level 1:colcon.colcon_core.package_identification:_identify(depth_anything_wrapper) by extensions ['colcon_pkg']
[2.088s] Level 1:colcon.colcon_core.package_identification:_identify(depth_anything_wrapper) by extension 'colcon_pkg'
[2.089s] Level 1:colcon.colcon_core.package_identification:_identify(depth_anything_wrapper) by extensions ['colcon_meta']
[2.089s] Level 1:colcon.colcon_core.package_identification:_identify(depth_anything_wrapper) by extension 'colcon_meta'
[2.089s] Level 1:colcon.colcon_core.package_identification:_identify(depth_anything_wrapper) by extensions ['ros']
[2.089s] Level 1:colcon.colcon_core.package_identification:_identify(depth_anything_wrapper) by extension 'ros'
[2.100s] DEBUG:colcon.colcon_core.package_identification:Package 'depth_anything_wrapper' with type 'ros.ament_python' and name 'depth_anything_wrapper'
[2.100s] Level 1:colcon.colcon_core.package_identification:_identify(install) by extensions ['ignore', 'ignore_ament_install']
[2.101s] Level 1:colcon.colcon_core.package_identification:_identify(install) by extension 'ignore'
[2.101s] Level 1:colcon.colcon_core.package_identification:_identify(install) ignored
[2.101s] Level 1:colcon.colcon_core.package_identification:_identify(log) by extensions ['ignore', 'ignore_ament_install']
[2.101s] Level 1:colcon.colcon_core.package_identification:_identify(log) by extension 'ignore'
[2.101s] Level 1:colcon.colcon_core.package_identification:_identify(log) ignored
[2.101s] Level 1:colcon.colcon_core.package_discovery:discover_packages(recursive) using defaults
[2.101s] Level 1:colcon.colcon_core.package_discovery:discover_packages(ignore) discover
[2.101s] Level 1:colcon.colcon_core.package_discovery:discover_packages(ignore) using defaults
[2.101s] Level 1:colcon.colcon_core.package_discovery:discover_packages(path) discover
[2.101s] Level 1:colcon.colcon_core.package_discovery:discover_packages(path) using defaults
[2.249s] Level 1:colcon.colcon_core.package_discovery:discover_packages(prefix_path) check parameters
[2.249s] Level 1:colcon.colcon_core.package_discovery:discover_packages(prefix_path) discover
[2.706s] DEBUG:colcon.colcon_installed_package_information.package_discovery:Found 53 installed packages in /home/sonia/mmr-drive/install
[2.710s] DEBUG:colcon.colcon_installed_package_information.package_discovery:Found 1 installed packages in /home/sonia/domain_bridge_ws/install
[2.717s] DEBUG:colcon.colcon_installed_package_information.package_discovery:Found 274 installed packages in /opt/ros/foxy
[2.723s] Level 1:colcon.colcon_core.package_discovery:discover_packages(prefix_path) using defaults
[4.819s] Level 5:colcon.colcon_core.verb:set package 'depth_anything_wrapper' build argument 'cmake_args' from command line to 'None'
[4.820s] Level 5:colcon.colcon_core.verb:set package 'depth_anything_wrapper' build argument 'cmake_target' from command line to 'None'
[4.820s] Level 5:colcon.colcon_core.verb:set package 'depth_anything_wrapper' build argument 'cmake_target_skip_unavailable' from command line to 'False'
[4.820s] Level 5:colcon.colcon_core.verb:set package 'depth_anything_wrapper' build argument 'cmake_clean_cache' from command line to 'False'
[4.820s] Level 5:colcon.colcon_core.verb:set package 'depth_anything_wrapper' build argument 'cmake_clean_first' from command line to 'False'
[4.820s] Level 5:colcon.colcon_core.verb:set package 'depth_anything_wrapper' build argument 'cmake_force_configure' from command line to 'False'
[4.820s] Level 5:colcon.colcon_core.verb:set package 'depth_anything_wrapper' build argument 'ament_cmake_args' from command line to 'None'
[4.820s] Level 5:colcon.colcon_core.verb:set package 'depth_anything_wrapper' build argument 'catkin_cmake_args' from command line to 'None'
[4.820s] Level 5:colcon.colcon_core.verb:set package 'depth_anything_wrapper' build argument 'catkin_skip_building_tests' from command line to 'False'
[4.820s] DEBUG:colcon.colcon_core.verb:Building package 'depth_anything_wrapper' with the following arguments: {'ament_cmake_args': None, 'build_base': '/home/sonia/Depth-Anything/ros/build/depth_anything_wrapper', 'catkin_cmake_args': None, 'catkin_skip_building_tests': False, 'cmake_args': None, 'cmake_clean_cache': False, 'cmake_clean_first': False, 'cmake_force_configure': False, 'cmake_target': None, 'cmake_target_skip_unavailable': False, 'install_base': '/home/sonia/Depth-Anything/ros/install/depth_anything_wrapper', 'merge_install': False, 'path': '/home/sonia/Depth-Anything/ros/depth_anything_wrapper', 'symlink_install': False, 'test_result_base': None}
[4.820s] INFO:colcon.colcon_core.executor:Executing jobs using 'parallel' executor
[4.822s] DEBUG:colcon.colcon_parallel_executor.executor.parallel:run_until_complete
[4.822s] INFO:colcon.colcon_ros.task.ament_python.build:Building ROS package in '/home/sonia/Depth-Anything/ros/depth_anything_wrapper' with build type 'ament_python'
[4.822s] Level 1:colcon.colcon_core.shell:create_environment_hook('depth_anything_wrapper', 'ament_prefix_path')
[4.902s] INFO:colcon.colcon_core.plugin_system:Skipping extension 'colcon_core.shell.bat': Not used on non-Windows systems
[4.903s] INFO:colcon.colcon_core.shell:Creating environment hook '/home/sonia/Depth-Anything/ros/install/depth_anything_wrapper/share/depth_anything_wrapper/hook/ament_prefix_path.ps1'
[4.917s] INFO:colcon.colcon_core.shell:Creating environment descriptor '/home/sonia/Depth-Anything/ros/install/depth_anything_wrapper/share/depth_anything_wrapper/hook/ament_prefix_path.dsv'
[4.948s] INFO:colcon.colcon_core.shell:Creating environment hook '/home/sonia/Depth-Anything/ros/install/depth_anything_wrapper/share/depth_anything_wrapper/hook/ament_prefix_path.sh'
[4.951s] INFO:colcon.colcon_core.shell:Skip shell extension 'powershell' for command environment: Not usable outside of PowerShell
[4.951s] DEBUG:colcon.colcon_core.shell:Skip shell extension 'dsv' for command environment
[5.534s] INFO:colcon.colcon_core.task.python.build:Building Python package in '/home/sonia/Depth-Anything/ros/depth_anything_wrapper'
[5.535s] INFO:colcon.colcon_core.shell:Skip shell extension 'powershell' for command environment: Not usable outside of PowerShell
[5.535s] DEBUG:colcon.colcon_core.shell:Skip shell extension 'dsv' for command environment
[7.661s] DEBUG:colcon.colcon_core.event_handler.log_command:Invoking command in '/home/sonia/Depth-Anything/ros/depth_anything_wrapper': PYTHONPATH=/home/sonia/Depth-Anything/ros/build/depth_anything_wrapper/prefix_override:/usr/lib/python3/dist-packages/colcon_core/task/python/colcon_distutils_commands:/home/sonia/Depth-Anything/ros/install/depth_anything_wrapper/lib/python3.8/site-packages:${PYTHONPATH} /usr/bin/python3 -W ignore:setup.py install is deprecated setup.py egg_info --egg-base ../build/depth_anything_wrapper build --build-base /home/sonia/Depth-Anything/ros/build/depth_anything_wrapper/build install --record /home/sonia/Depth-Anything/ros/build/depth_anything_wrapper/install.log --install-scripts $base/lib/depth_anything_wrapper --single-version-externally-managed install_data
[8.742s] DEBUG:colcon.colcon_core.event_handler.log_command:Invoked command in '/home/sonia/Depth-Anything/ros/depth_anything_wrapper' returned '0': PYTHONPATH=/home/sonia/Depth-Anything/ros/build/depth_anything_wrapper/prefix_override:/usr/lib/python3/dist-packages/colcon_core/task/python/colcon_distutils_commands:/home/sonia/Depth-Anything/ros/install/depth_anything_wrapper/lib/python3.8/site-packages:${PYTHONPATH} /usr/bin/python3 -W ignore:setup.py install is deprecated setup.py egg_info --egg-base ../build/depth_anything_wrapper build --build-base /home/sonia/Depth-Anything/ros/build/depth_anything_wrapper/build install --record /home/sonia/Depth-Anything/ros/build/depth_anything_wrapper/install.log --install-scripts $base/lib/depth_anything_wrapper --single-version-externally-managed install_data
[8.778s] Level 1:colcon.colcon_core.environment:checking '/home/sonia/Depth-Anything/ros/install/depth_anything_wrapper' for CMake module files
[8.780s] Level 1:colcon.colcon_core.environment:checking '/home/sonia/Depth-Anything/ros/install/depth_anything_wrapper' for CMake config files
[8.783s] Level 1:colcon.colcon_core.environment:checking '/home/sonia/Depth-Anything/ros/install/depth_anything_wrapper/lib'
[8.784s] Level 1:colcon.colcon_core.environment:checking '/home/sonia/Depth-Anything/ros/install/depth_anything_wrapper/bin'
[8.784s] Level 1:colcon.colcon_core.environment:checking '/home/sonia/Depth-Anything/ros/install/depth_anything_wrapper/lib/pkgconfig/depth_anything_wrapper.pc'
[8.785s] Level 1:colcon.colcon_core.environment:checking '/home/sonia/Depth-Anything/ros/install/depth_anything_wrapper/lib/python3.8/site-packages'
[8.786s] Level 1:colcon.colcon_core.shell:create_environment_hook('depth_anything_wrapper', 'pythonpath')
[8.787s] INFO:colcon.colcon_core.shell:Creating environment hook '/home/sonia/Depth-Anything/ros/install/depth_anything_wrapper/share/depth_anything_wrapper/hook/pythonpath.ps1'
[8.789s] INFO:colcon.colcon_core.shell:Creating environment descriptor '/home/sonia/Depth-Anything/ros/install/depth_anything_wrapper/share/depth_anything_wrapper/hook/pythonpath.dsv'
[8.790s] INFO:colcon.colcon_core.shell:Creating environment hook '/home/sonia/Depth-Anything/ros/install/depth_anything_wrapper/share/depth_anything_wrapper/hook/pythonpath.sh'
[8.792s] Level 1:colcon.colcon_core.environment:checking '/home/sonia/Depth-Anything/ros/install/depth_anything_wrapper/bin'
[8.792s] Level 1:colcon.colcon_core.environment:create_environment_scripts_only(depth_anything_wrapper)
[8.794s] INFO:colcon.colcon_core.shell:Creating package script '/home/sonia/Depth-Anything/ros/install/depth_anything_wrapper/share/depth_anything_wrapper/package.ps1'
[8.797s] INFO:colcon.colcon_core.shell:Creating package descriptor '/home/sonia/Depth-Anything/ros/install/depth_anything_wrapper/share/depth_anything_wrapper/package.dsv'
[8.800s] INFO:colcon.colcon_core.shell:Creating package script '/home/sonia/Depth-Anything/ros/install/depth_anything_wrapper/share/depth_anything_wrapper/package.sh'
[8.803s] INFO:colcon.colcon_core.shell:Creating package script '/home/sonia/Depth-Anything/ros/install/depth_anything_wrapper/share/depth_anything_wrapper/package.bash'
[8.839s] INFO:colcon.colcon_core.shell:Creating package script '/home/sonia/Depth-Anything/ros/install/depth_anything_wrapper/share/depth_anything_wrapper/package.zsh'
[8.857s] Level 1:colcon.colcon_core.environment:create_file_with_runtime_dependencies(/home/sonia/Depth-Anything/ros/install/depth_anything_wrapper/share/colcon-core/packages/depth_anything_wrapper)
[8.860s] DEBUG:colcon.colcon_parallel_executor.executor.parallel:closing loop
[8.861s] DEBUG:colcon.colcon_parallel_executor.executor.parallel:loop closed
[8.862s] DEBUG:colcon.colcon_parallel_executor.executor.parallel:run_until_complete finished with '0'
[8.862s] DEBUG:colcon.colcon_core.event_reactor:joining thread
[8.916s] INFO:colcon.colcon_core.plugin_system:Skipping extension 'colcon_notification.desktop_notification.terminal_notifier': Not used on non-Darwin systems
[8.917s] INFO:colcon.colcon_core.plugin_system:Skipping extension 'colcon_notification.desktop_notification.win32': Not used on non-Windows systems
[8.917s] INFO:colcon.colcon_notification.desktop_notification:Sending desktop notification using 'notify2'
[8.948s] DEBUG:colcon.colcon_core.event_reactor:joined thread
[8.949s] INFO:colcon.colcon_core.shell:Creating prefix script '/home/sonia/Depth-Anything/ros/install/local_setup.ps1'
[8.953s] INFO:colcon.colcon_core.shell:Creating prefix util module '/home/sonia/Depth-Anything/ros/install/_local_setup_util_ps1.py'
[8.957s] INFO:colcon.colcon_core.shell:Creating prefix chain script '/home/sonia/Depth-Anything/ros/install/setup.ps1'
[8.966s] INFO:colcon.colcon_core.shell:Creating prefix script '/home/sonia/Depth-Anything/ros/install/local_setup.sh'
[8.968s] INFO:colcon.colcon_core.shell:Creating prefix util module '/home/sonia/Depth-Anything/ros/install/_local_setup_util_sh.py'
[8.969s] INFO:colcon.colcon_core.shell:Creating prefix chain script '/home/sonia/Depth-Anything/ros/install/setup.sh'
[8.978s] INFO:colcon.colcon_core.shell:Creating prefix script '/home/sonia/Depth-Anything/ros/install/local_setup.bash'
[8.980s] INFO:colcon.colcon_core.shell:Creating prefix chain script '/home/sonia/Depth-Anything/ros/install/setup.bash'
[8.986s] INFO:colcon.colcon_core.shell:Creating prefix script '/home/sonia/Depth-Anything/ros/install/local_setup.zsh'
[8.988s] INFO:colcon.colcon_core.shell:Creating prefix chain script '/home/sonia/Depth-Anything/ros/install/setup.zsh'
