[2.838s] Invoking command in '/home/sonia/Depth-Anything/ros/depth_anything_wrapper': PYTHONPATH=/home/sonia/Depth-Anything/ros/build/depth_anything_wrapper/prefix_override:/usr/lib/python3/dist-packages/colcon_core/task/python/colcon_distutils_commands:/home/sonia/Depth-Anything/ros/install/depth_anything_wrapper/lib/python3.8/site-packages:${PYTHONPATH} /usr/bin/python3 -W ignore:setup.py install is deprecated setup.py egg_info --egg-base ../build/depth_anything_wrapper build --build-base /home/sonia/Depth-Anything/ros/build/depth_anything_wrapper/build install --record /home/sonia/Depth-Anything/ros/build/depth_anything_wrapper/install.log --install-scripts $base/lib/depth_anything_wrapper --single-version-externally-managed install_data
[3.329s] running egg_info
[3.330s] creating ../build/depth_anything_wrapper/depth_anything_wrapper.egg-info
[3.331s] writing ../build/depth_anything_wrapper/depth_anything_wrapper.egg-info/PKG-INFO
[3.331s] writing dependency_links to ../build/depth_anything_wrapper/depth_anything_wrapper.egg-info/dependency_links.txt
[3.331s] writing entry points to ../build/depth_anything_wrapper/depth_anything_wrapper.egg-info/entry_points.txt
[3.332s] writing requirements to ../build/depth_anything_wrapper/depth_anything_wrapper.egg-info/requires.txt
[3.332s] writing top-level names to ../build/depth_anything_wrapper/depth_anything_wrapper.egg-info/top_level.txt
[3.753s] writing manifest file '../build/depth_anything_wrapper/depth_anything_wrapper.egg-info/SOURCES.txt'
[3.836s] reading manifest file '../build/depth_anything_wrapper/depth_anything_wrapper.egg-info/SOURCES.txt'
[3.837s] writing manifest file '../build/depth_anything_wrapper/depth_anything_wrapper.egg-info/SOURCES.txt'
[3.838s] running build
[3.838s] running build_py
[3.838s] creating /home/sonia/Depth-Anything/ros/build/depth_anything_wrapper/build
[3.839s] creating /home/sonia/Depth-Anything/ros/build/depth_anything_wrapper/build/lib
[3.839s] creating /home/sonia/Depth-Anything/ros/build/depth_anything_wrapper/build/lib/depth_anything_wrapper
[3.839s] copying depth_anything_wrapper/depth_anything_wrapper_node.py -> /home/sonia/Depth-Anything/ros/build/depth_anything_wrapper/build/lib/depth_anything_wrapper
[3.839s] copying depth_anything_wrapper/__init__.py -> /home/sonia/Depth-Anything/ros/build/depth_anything_wrapper/build/lib/depth_anything_wrapper
[3.839s] running install
[3.840s] running install_lib
[3.842s] creating /home/sonia/Depth-Anything/ros/install/depth_anything_wrapper/lib/python3.8/site-packages/depth_anything_wrapper
[3.842s] copying /home/sonia/Depth-Anything/ros/build/depth_anything_wrapper/build/lib/depth_anything_wrapper/depth_anything_wrapper_node.py -> /home/sonia/Depth-Anything/ros/install/depth_anything_wrapper/lib/python3.8/site-packages/depth_anything_wrapper
[3.843s] copying /home/sonia/Depth-Anything/ros/build/depth_anything_wrapper/build/lib/depth_anything_wrapper/__init__.py -> /home/sonia/Depth-Anything/ros/install/depth_anything_wrapper/lib/python3.8/site-packages/depth_anything_wrapper
[3.844s] byte-compiling /home/sonia/Depth-Anything/ros/install/depth_anything_wrapper/lib/python3.8/site-packages/depth_anything_wrapper/depth_anything_wrapper_node.py to depth_anything_wrapper_node.cpython-38.pyc
[3.847s] byte-compiling /home/sonia/Depth-Anything/ros/install/depth_anything_wrapper/lib/python3.8/site-packages/depth_anything_wrapper/__init__.py to __init__.cpython-38.pyc
[3.847s] running install_data
[3.848s] creating /home/sonia/Depth-Anything/ros/install/depth_anything_wrapper/share/ament_index
[3.848s] creating /home/sonia/Depth-Anything/ros/install/depth_anything_wrapper/share/ament_index/resource_index
[3.848s] creating /home/sonia/Depth-Anything/ros/install/depth_anything_wrapper/share/ament_index/resource_index/packages
[3.848s] copying resource/depth_anything_wrapper -> /home/sonia/Depth-Anything/ros/install/depth_anything_wrapper/share/ament_index/resource_index/packages
[3.848s] copying package.xml -> /home/sonia/Depth-Anything/ros/install/depth_anything_wrapper/share/depth_anything_wrapper
[3.848s] running install_egg_info
[3.851s] Copying ../build/depth_anything_wrapper/depth_anything_wrapper.egg-info to /home/sonia/Depth-Anything/ros/install/depth_anything_wrapper/lib/python3.8/site-packages/depth_anything_wrapper-0.0.0-py3.8.egg-info
[3.853s] running install_scripts
[3.887s] Installing depth_anything_wrapper script to /home/sonia/Depth-Anything/ros/install/depth_anything_wrapper/lib/depth_anything_wrapper
[3.888s] writing list of installed files to '/home/sonia/Depth-Anything/ros/build/depth_anything_wrapper/install.log'
[3.919s] Invoked command in '/home/sonia/Depth-Anything/ros/depth_anything_wrapper' returned '0': PYTHONPATH=/home/sonia/Depth-Anything/ros/build/depth_anything_wrapper/prefix_override:/usr/lib/python3/dist-packages/colcon_core/task/python/colcon_distutils_commands:/home/sonia/Depth-Anything/ros/install/depth_anything_wrapper/lib/python3.8/site-packages:${PYTHONPATH} /usr/bin/python3 -W ignore:setup.py install is deprecated setup.py egg_info --egg-base ../build/depth_anything_wrapper build --build-base /home/sonia/Depth-Anything/ros/build/depth_anything_wrapper/build install --record /home/sonia/Depth-Anything/ros/build/depth_anything_wrapper/install.log --install-scripts $base/lib/depth_anything_wrapper --single-version-externally-managed install_data
